<?xml version="1.0" encoding="UTF-8"?>
<!-- Generated by org.testng.reporters.JUnitReportReporter -->
<testsuite hostname="Adi" failures="0" tests="1" name="demo1.Test1" time="0.007" errors="0" timestamp="2022-05-31T16:04:18 IST" skipped="0">
  <testcase classname="demo1.Test1" name="test1method2" time="0.007"/>
  <system-out/>
</testsuite> <!-- demo1.Test1 -->
