<?xml version="1.0" encoding="UTF-8"?>
<!-- Generated by org.testng.reporters.JUnitReportReporter -->
<testsuite hostname="Adi" failures="0" tests="2" name="demo1.Parallel" time="0.011" errors="0" timestamp="2022-06-01T14:36:14 IST" skipped="0">
  <testcase classname="demo1.Parallel" name="method1" time="0.010"/>
  <system-out/>
  <testcase classname="demo1.Parallel" name="method2" time="0.001"/>
  <system-out/>
</testsuite> <!-- demo1.Parallel -->
