<?xml version="1.0" encoding="UTF-8"?>
<!-- Generated by org.testng.reporters.JUnitReportReporter -->
<testsuite hostname="Adi" failures="0" tests="3" name="demo1.Groups" time="0.009" errors="0" timestamp="2022-06-01T15:33:29 IST" skipped="0">
  <testcase classname="demo1.Groups" name="method3" time="0.001"/>
  <system-out/>
  <testcase classname="demo1.Groups" name="method2" time="0.001"/>
  <system-out/>
  <testcase classname="demo1.Groups" name="method1" time="0.007"/>
  <system-out/>
</testsuite> <!-- demo1.Groups -->
