<?xml version="1.0" encoding="UTF-8"?>
<!-- Generated by org.testng.reporters.JUnitReportReporter -->
<testsuite hostname="Adi" failures="0" tests="2" name="demo1.Test3" time="0.003" errors="0" timestamp="2022-05-31T15:00:45 IST" skipped="0">
  <testcase classname="demo1.Test3" name="test1method2" time="0.002"/>
  <system-out/>
  <testcase classname="demo1.Test3" name="test3method1" time="0.001"/>
  <system-out/>
</testsuite> <!-- demo1.Test3 -->
