<?xml version="1.0" encoding="UTF-8"?>
<!-- Generated by org.testng.reporters.JUnitReportReporter -->
<testsuite hostname="Adi" failures="0" tests="2" name="demo1.Test2" time="0.008" errors="0" timestamp="2022-05-31T16:19:39 IST" skipped="0">
  <testcase classname="demo1.Test2" name="test2method1" time="0.006"/>
  <system-out/>
  <testcase classname="demo1.Test2" name="test2method2" time="0.002"/>
  <system-out/>
</testsuite> <!-- demo1.Test2 -->
