<?xml version="1.0" encoding="UTF-8"?>
<!-- Generated by org.testng.reporters.JUnitReportReporter -->
<testsuite hostname="Adi" failures="0" tests="6" name="demo1.Dependson" time="0.018" errors="0" timestamp="2022-05-31T16:44:50 IST" skipped="0">
  <testcase classname="demo1.Dependson" name="method3" time="0.003"/>
  <system-out/>
  <testcase classname="demo1.Dependson" name="method5" time="0.001"/>
  <system-out/>
  <testcase classname="demo1.Dependson" name="method6" time="0.003"/>
  <system-out/>
  <testcase classname="demo1.Dependson" name="method1" time="0.001"/>
  <system-out/>
  <testcase classname="demo1.Dependson" name="method2" time="0.008"/>
  <system-out/>
  <testcase classname="demo1.Dependson" name="method4" time="0.002"/>
  <system-out/>
</testsuite> <!-- demo1.Dependson -->
