<?xml version="1.0" encoding="UTF-8"?>
<!-- Generated by org.testng.reporters.JUnitReportReporter -->
<testsuite hostname="Adi" failures="0" tests="4" name="demo1.Priority" time="0.013" errors="0" timestamp="2022-06-01T14:50:35 IST" skipped="0">
  <testcase classname="demo1.Priority" name="method2" time="0.008"/>
  <system-out/>
  <testcase classname="demo1.Priority" name="method4" time="0.002"/>
  <system-out/>
  <testcase classname="demo1.Priority" name="amethod3" time="0.002"/>
  <system-out/>
  <testcase classname="demo1.Priority" name="bmethod1" time="0.001"/>
  <system-out/>
</testsuite> <!-- demo1.Priority -->
